<?xml version="1.0" encoding="UTF-8"?>
<testng-results skipped="0" failed="0" total="1" passed="1">
  <reporter-output>
  </reporter-output>
  <suite name="Default suite" duration-ms="3981" started-at="2020-01-29T23:26:53Z" finished-at="2020-01-29T23:26:57Z">
    <groups>
    </groups>
    <test name="Default test" duration-ms="3981" started-at="2020-01-29T23:26:53Z" finished-at="2020-01-29T23:26:57Z">
      <class name="myJenkinsIntegrationGroupID.myJenkinsIntegrationArttifactID.firstTestNGClass">
        <test-method status="PASS" signature="launchBrowser()[pri:0, instance:myJenkinsIntegrationGroupID.myJenkinsIntegrationArttifactID.firstTestNGClass@6e3c1e69]" test-instance-name="" name="launchBrowser" is-config="true" duration-ms="3895" started-at="2020-01-29T18:26:53Z" finished-at="2020-01-29T18:26:57Z">
          <reporter-output>
          </reporter-output>
        </test-method> <!-- launchBrowser -->
        <test-method status="PASS" signature="verifyHomepageTitle()[pri:0, instance:myJenkinsIntegrationGroupID.myJenkinsIntegrationArttifactID.firstTestNGClass@6e3c1e69]" test-instance-name="" name="verifyHomepageTitle" duration-ms="12" started-at="2020-01-29T18:26:57Z" finished-at="2020-01-29T18:26:57Z">
          <reporter-output>
          </reporter-output>
        </test-method> <!-- verifyHomepageTitle -->
        <test-method status="PASS" signature="terminateBrowser()[pri:0, instance:myJenkinsIntegrationGroupID.myJenkinsIntegrationArttifactID.firstTestNGClass@6e3c1e69]" test-instance-name="" name="terminateBrowser" is-config="true" duration-ms="66" started-at="2020-01-29T18:26:57Z" finished-at="2020-01-29T18:26:57Z">
          <reporter-output>
          </reporter-output>
        </test-method> <!-- terminateBrowser -->
      </class> <!-- myJenkinsIntegrationGroupID.myJenkinsIntegrationArttifactID.firstTestNGClass -->
    </test> <!-- Default test -->
  </suite> <!-- Default suite -->
</testng-results>
